2016-12-04/00:13:26 [ERROR] baseWebController.go 22 require filed: password
2016-12-04/08:55:53 [INFO] publicController.go 16 userName:aaa
2016-12-04/08:55:53 [INFO] publicController.go 17 password:bbb
2016-12-04/08:57:30 [INFO] publicController.go 16 userName:admin
2016-12-04/08:57:30 [INFO] publicController.go 17 password:123123
2016-12-04/09:06:50 [ERROR] baseWebController.go 22 require filed: username
2016-12-04/09:18:44 [ERROR] baseWebController.go 22 require filed: username
2016-12-04/09:18:56 [ERROR] baseWebController.go 22 require filed: username
2016-12-04/09:38:35 [ERROR] baseWebController.go 22 require filed: username
2016-12-04/09:38:35 [ERROR] baseWebController.go 22 require filed: password
2016-12-04/09:38:35 [INFO] publicController.go 19 userName:
2016-12-04/09:38:35 [INFO] publicController.go 20 password:
2016-12-04/09:39:19 [ERROR] baseWebController.go 22 require filed: username
2016-12-04/09:39:19 [ERROR] baseWebController.go 22 require filed: password
2016-12-04/09:39:19 [INFO] publicController.go 19 userName:
2016-12-04/09:39:19 [INFO] publicController.go 20 password:
2016-12-04/09:39:20 [ERROR] baseWebController.go 22 require filed: username
2016-12-04/09:39:20 [ERROR] baseWebController.go 22 require filed: password
2016-12-04/09:39:20 [INFO] publicController.go 19 userName:
2016-12-04/09:39:20 [INFO] publicController.go 20 password:
2016-12-04/09:39:47 [ERROR] baseWebController.go 22 require filed: username
2016-12-04/09:39:47 [ERROR] baseWebController.go 22 require filed: password
2016-12-04/09:39:47 [INFO] publicController.go 19 userName:
2016-12-04/09:39:47 [INFO] publicController.go 20 password:
