2016-12-09/10:03:03 [INFO] publicController.go 32 用户名或密码错误，请重新输入！
2016-12-09/10:06:10 [INFO] publicController.go 32 用户名或密码错误，请重新输入！
2016-12-09/10:06:10 [INFO] loginController.go 16 用户名或密码错误，请重新输入！
2016-12-09/13:39:14 [INFO] publicController.go 31 用户名或密码错误，请重新输入
2016-12-09/13:39:14 [INFO] loginController.go 16 用户名或密码错误，请重新输入
2016-12-09/13:48:47 [INFO] publicController.go 23 <nil>
2016-12-09/13:50:54 [INFO] publicController.go 35 用户名或密码错误，请重新输入
2016-12-09/13:50:54 [INFO] loginController.go 16 用户名或密码错误，请重新输入
2016-12-09/13:50:58 [INFO] publicController.go 24 -----1------
2016-12-09/13:50:58 [INFO] publicController.go 28 -----2-----
2016-12-09/13:55:24 [INFO] router.go 14 1
2016-12-09/13:55:24 [INFO] publicController.go 24 {1  admin d983a8beb1375adbc75e50b7dd0ed551a0d944822a3896981e8507f4cf584b53 ca67c0724906b5cc975583f899ed22468724c800b3b2b9f66d106a7415d66cb7 1481261685 1481261685 2   0 }
2016-12-09/13:55:24 [INFO] publicController.go 28 -----2-----
2016-12-09/13:55:24 [INFO] router.go 14 1
2016-12-09/13:55:24 [INFO] router.go 16 重新跳转到登陆页面
2016-12-09/13:56:15 [INFO] router.go 14 false
2016-12-09/13:56:15 [INFO] publicController.go 24 {1  admin d983a8beb1375adbc75e50b7dd0ed551a0d944822a3896981e8507f4cf584b53 ca67c0724906b5cc975583f899ed22468724c800b3b2b9f66d106a7415d66cb7 1481261685 1481261685 2   0 }
2016-12-09/13:56:15 [INFO] publicController.go 28 -----2-----
2016-12-09/13:56:15 [INFO] router.go 14 false
2016-12-09/13:56:15 [INFO] router.go 16 重新跳转到登陆页面
2016-12-09/14:42:45 [INFO] router.go 14 false
2016-12-09/14:42:45 [INFO] publicController.go 24 {1  admin d983a8beb1375adbc75e50b7dd0ed551a0d944822a3896981e8507f4cf584b53 ca67c0724906b5cc975583f899ed22468724c800b3b2b9f66d106a7415d66cb7 1481261685 1481261685 2   0 }
2016-12-09/14:42:45 [INFO] publicController.go 28 -----2-----
2016-12-09/14:42:45 [INFO] router.go 14 false
2016-12-09/14:42:45 [INFO] router.go 16 重新跳转到登陆页面
2016-12-09/14:52:34 [INFO] router.go 14 0
2016-12-09/14:52:34 [INFO] publicController.go 35 用户名或密码错误，请重新输入
2016-12-09/14:52:34 [INFO] loginController.go 16 用户名或密码错误，请重新输入
2016-12-09/14:52:39 [INFO] router.go 14 0
2016-12-09/14:52:39 [INFO] publicController.go 24 {1  admin d983a8beb1375adbc75e50b7dd0ed551a0d944822a3896981e8507f4cf584b53 ca67c0724906b5cc975583f899ed22468724c800b3b2b9f66d106a7415d66cb7 1481261685 1481261685 2   0 }
2016-12-09/14:52:39 [INFO] publicController.go 28 -----2-----
2016-12-09/14:52:39 [INFO] router.go 14 0
2016-12-09/14:52:39 [INFO] router.go 16 重新跳转到登陆页面
2016-12-09/14:58:50 [INFO] router.go 14 <nil>
2016-12-09/14:58:50 [INFO] publicController.go 24 {1  admin d983a8beb1375adbc75e50b7dd0ed551a0d944822a3896981e8507f4cf584b53 ca67c0724906b5cc975583f899ed22468724c800b3b2b9f66d106a7415d66cb7 1481261685 1481261685 2   0 }
2016-12-09/14:58:50 [INFO] publicController.go 28 -----2-----
2016-12-09/14:58:50 [INFO] router.go 14 1
2016-12-09/14:58:50 [INFO] router.go 16 重新跳转到登陆页面
2016-12-09/15:25:21 [INFO] router.go 14 1
2016-12-09/15:25:21 [INFO] publicController.go 24 {1  admin d983a8beb1375adbc75e50b7dd0ed551a0d944822a3896981e8507f4cf584b53 ca67c0724906b5cc975583f899ed22468724c800b3b2b9f66d106a7415d66cb7 1481261685 1481261685 2   0 }
2016-12-09/15:25:21 [INFO] publicController.go 28 -----2-----
2016-12-09/15:25:21 [INFO] router.go 14 1
2016-12-09/15:25:54 [INFO] router.go 14 1
2016-12-09/15:26:06 [INFO] router.go 14 1
2016-12-09/15:26:18 [INFO] router.go 14 1
2016-12-09/15:26:18 [INFO] publicController.go 24 {1  admin d983a8beb1375adbc75e50b7dd0ed551a0d944822a3896981e8507f4cf584b53 ca67c0724906b5cc975583f899ed22468724c800b3b2b9f66d106a7415d66cb7 1481261685 1481261685 2   0 }
2016-12-09/15:26:18 [INFO] publicController.go 28 -----2-----
2016-12-09/15:26:18 [INFO] router.go 14 1
2016-12-09/15:26:29 [INFO] router.go 14 1
2016-12-09/15:26:29 [INFO] publicController.go 35 用户名或密码错误，请重新输入
2016-12-09/15:26:29 [INFO] loginController.go 16 用户名或密码错误，请重新输入
2016-12-09/15:26:31 [INFO] router.go 14 1
2016-12-09/15:26:31 [INFO] publicController.go 24 {1  admin d983a8beb1375adbc75e50b7dd0ed551a0d944822a3896981e8507f4cf584b53 ca67c0724906b5cc975583f899ed22468724c800b3b2b9f66d106a7415d66cb7 1481261685 1481261685 2   0 }
2016-12-09/15:26:31 [INFO] publicController.go 28 -----2-----
2016-12-09/15:26:31 [INFO] router.go 14 1
2016-12-09/16:44:29 [INFO] router.go 14 <nil>
2016-12-09/16:44:29 [INFO] router.go 16 重新跳转到登陆页面
2016-12-09/17:04:36 [INFO] loginController.go 25 -----in-----
2016-12-09/17:04:36 [INFO] loginController.go 34 -----in---1--
2016-12-09/17:04:36 [INFO] loginController.go 35 {1  admin d983a8beb1375adbc75e50b7dd0ed551a0d944822a3896981e8507f4cf584b53 ca67c0724906b5cc975583f899ed22468724c800b3b2b9f66d106a7415d66cb7 1481261685 1481261685 2   0 }
2016-12-09/17:04:36 [INFO] router.go 14 1
2016-12-09/17:04:45 [INFO] loginController.go 25 -----in-----
2016-12-09/17:04:45 [INFO] loginController.go 34 -----in---1--
2016-12-09/17:04:45 [INFO] loginController.go 35 {1  admin d983a8beb1375adbc75e50b7dd0ed551a0d944822a3896981e8507f4cf584b53 ca67c0724906b5cc975583f899ed22468724c800b3b2b9f66d106a7415d66cb7 1481261685 1481261685 2   0 }
2016-12-09/17:04:45 [INFO] router.go 14 1
2016-12-09/20:32:29 [INFO] loginController.go 25 -----in-----
2016-12-09/20:32:29 [INFO] loginController.go 34 -----in---1--
2016-12-09/20:32:29 [INFO] loginController.go 35 {1  admin d983a8beb1375adbc75e50b7dd0ed551a0d944822a3896981e8507f4cf584b53 ca67c0724906b5cc975583f899ed22468724c800b3b2b9f66d106a7415d66cb7 1481261685 1481261685 2   0 }
2016-12-09/20:32:29 [INFO] router.go 14 1
2016-12-09/20:33:00 [INFO] router.go 14 1
2016-12-09/20:40:04 [INFO] loginController.go 33 {1  admin d983a8beb1375adbc75e50b7dd0ed551a0d944822a3896981e8507f4cf584b53 ca67c0724906b5cc975583f899ed22468724c800b3b2b9f66d106a7415d66cb7 1481261685 1481261685 2   0 }
2016-12-09/20:40:04 [INFO] router.go 14 1
2016-12-09/20:43:56 [INFO] router.go 14 1
2016-12-09/20:45:53 [INFO] router.go 14 1
2016-12-09/20:47:06 [INFO] router.go 14 1
2016-12-09/20:47:17 [INFO] router.go 14 1
2016-12-09/20:47:33 [INFO] router.go 14 1
2016-12-09/20:47:52 [INFO] router.go 14 1
2016-12-09/20:47:57 [INFO] router.go 14 1
2016-12-09/20:48:00 [INFO] router.go 14 1
2016-12-09/20:48:03 [INFO] router.go 14 1
2016-12-09/20:48:06 [INFO] router.go 14 1
2016-12-09/20:48:28 [INFO] router.go 14 1
2016-12-09/20:49:53 [INFO] router.go 14 1
2016-12-09/20:50:40 [INFO] router.go 14 1
2016-12-09/21:07:11 [INFO] router.go 14 1
2016-12-09/23:07:02 [INFO] router.go 14 <nil>
2016-12-09/23:07:02 [INFO] router.go 16 重新跳转到登陆页面
2016-12-09/23:07:05 [INFO] loginController.go 33 {1  admin d983a8beb1375adbc75e50b7dd0ed551a0d944822a3896981e8507f4cf584b53 ca67c0724906b5cc975583f899ed22468724c800b3b2b9f66d106a7415d66cb7 1481261685 1481261685 2   0 }
2016-12-09/23:07:05 [INFO] router.go 14 1
2016-12-09/23:07:11 [INFO] router.go 14 1
2016-12-09/23:17:11 [INFO] router.go 14 1
2016-12-09/23:17:39 [INFO] router.go 14 1
2016-12-09/23:26:36 [INFO] router.go 14 1
2016-12-09/23:26:42 [INFO] router.go 14 1
2016-12-09/23:28:43 [INFO] router.go 14 1
2016-12-09/23:30:27 [INFO] router.go 14 1
2016-12-09/23:31:35 [INFO] loginController.go 38 {1  admin d983a8beb1375adbc75e50b7dd0ed551a0d944822a3896981e8507f4cf584b53 ca67c0724906b5cc975583f899ed22468724c800b3b2b9f66d106a7415d66cb7 1481261685 1481261685 2   0 }
2016-12-09/23:31:35 [INFO] router.go 14 1
2016-12-09/23:32:53 [INFO] loginController.go 38 {1  admin d983a8beb1375adbc75e50b7dd0ed551a0d944822a3896981e8507f4cf584b53 ca67c0724906b5cc975583f899ed22468724c800b3b2b9f66d106a7415d66cb7 1481261685 1481261685 2   0 }
2016-12-09/23:32:53 [INFO] router.go 14 1
2016-12-09/23:33:45 [INFO] router.go 14 1
2016-12-09/23:34:57 [INFO] router.go 14 1
2016-12-09/23:36:48 [INFO] router.go 14 1
2016-12-09/23:36:48 [INFO] baseController.go 46 
2016-12-09/23:38:40 [INFO] baseController.go 45 -----2-----
2016-12-09/23:58:34 [INFO] loginController.go 38 {1  admin d983a8beb1375adbc75e50b7dd0ed551a0d944822a3896981e8507f4cf584b53 ca67c0724906b5cc975583f899ed22468724c800b3b2b9f66d106a7415d66cb7 1481261685 1481261685 2   0 }
