2016-12-10/09:13:14 [INFO] loginController.go 38 {1  admin d983a8beb1375adbc75e50b7dd0ed551a0d944822a3896981e8507f4cf584b53 ca67c0724906b5cc975583f899ed22468724c800b3b2b9f66d106a7415d66cb7 1481261685 1481261685 2   0 }
2016-12-10/10:18:58 [INFO] loginController.go 38 {1  admin d983a8beb1375adbc75e50b7dd0ed551a0d944822a3896981e8507f4cf584b53 ca67c0724906b5cc975583f899ed22468724c800b3b2b9f66d106a7415d66cb7 1481261685 1481261685 2   0 }
2016-12-10/10:27:58 [INFO] loginController.go 38 {1  admin d983a8beb1375adbc75e50b7dd0ed551a0d944822a3896981e8507f4cf584b53 ca67c0724906b5cc975583f899ed22468724c800b3b2b9f66d106a7415d66cb7 1481261685 1481261685 2   0 }
2016-12-10/10:28:06 [INFO] loginController.go 57 用户名或密码错误，请重新输入！
2016-12-10/10:28:06 [ERROR] loginController.go 22 用户名或密码错误，请重新输入！
2016-12-10/10:28:19 [INFO] loginController.go 57 用户名或密码错误，请重新输入
2016-12-10/10:28:19 [ERROR] loginController.go 22 用户名或密码错误，请重新输入
2016-12-10/10:28:21 [INFO] loginController.go 38 {1  admin d983a8beb1375adbc75e50b7dd0ed551a0d944822a3896981e8507f4cf584b53 ca67c0724906b5cc975583f899ed22468724c800b3b2b9f66d106a7415d66cb7 1481261685 1481261685 2   0 }
2016-12-10/10:58:29 [INFO] loginController.go 38 {1  admin d983a8beb1375adbc75e50b7dd0ed551a0d944822a3896981e8507f4cf584b53 ca67c0724906b5cc975583f899ed22468724c800b3b2b9f66d106a7415d66cb7 1481261685 1481261685 2   0 }
2016-12-10/10:58:38 [INFO] loginController.go 38 {1  admin d983a8beb1375adbc75e50b7dd0ed551a0d944822a3896981e8507f4cf584b53 ca67c0724906b5cc975583f899ed22468724c800b3b2b9f66d106a7415d66cb7 1481261685 1481261685 2   0 }
2016-12-10/10:59:33 [INFO] loginController.go 38 {1  admin d983a8beb1375adbc75e50b7dd0ed551a0d944822a3896981e8507f4cf584b53 ca67c0724906b5cc975583f899ed22468724c800b3b2b9f66d106a7415d66cb7 1481261685 1481261685 2   0 }
2016-12-10/11:01:03 [INFO] loginController.go 38 {1  admin d983a8beb1375adbc75e50b7dd0ed551a0d944822a3896981e8507f4cf584b53 ca67c0724906b5cc975583f899ed22468724c800b3b2b9f66d106a7415d66cb7 1481261685 1481261685 2   0 }
2016-12-10/11:01:23 [INFO] loginController.go 38 {1 超级管理员 admin d983a8beb1375adbc75e50b7dd0ed551a0d944822a3896981e8507f4cf584b53 ca67c0724906b5cc975583f899ed22468724c800b3b2b9f66d106a7415d66cb7 1481261685 1481261685 2   0 }
2016-12-10/11:02:15 [INFO] loginController.go 38 {1 超级管理员 admin d983a8beb1375adbc75e50b7dd0ed551a0d944822a3896981e8507f4cf584b53 ca67c0724906b5cc975583f899ed22468724c800b3b2b9f66d106a7415d66cb7 1481261685 1481261685 2   0 }
2016-12-10/11:06:09 [INFO] baseController.go 53 超级管理员
2016-12-10/11:06:32 [INFO] loginController.go 38 {1 超级管理员 admin d983a8beb1375adbc75e50b7dd0ed551a0d944822a3896981e8507f4cf584b53 ca67c0724906b5cc975583f899ed22468724c800b3b2b9f66d106a7415d66cb7 1481261685 1481261685 2   0 }
2016-12-10/11:06:32 [INFO] baseController.go 53 超级管理员
2016-12-10/11:21:20 [INFO] loginController.go 38 {1 超级管理员 admin d983a8beb1375adbc75e50b7dd0ed551a0d944822a3896981e8507f4cf584b53 ca67c0724906b5cc975583f899ed22468724c800b3b2b9f66d106a7415d66cb7 1481261685 1481261685 2   0 }
2016-12-10/13:47:15 [INFO] loginController.go 38 {1 超级管理员 admin d983a8beb1375adbc75e50b7dd0ed551a0d944822a3896981e8507f4cf584b53 ca67c0724906b5cc975583f899ed22468724c800b3b2b9f66d106a7415d66cb7 1481261685 1481261685 2   0 }
2016-12-10/14:26:38 [INFO] loginController.go 38 {1 超级管理员 admin d983a8beb1375adbc75e50b7dd0ed551a0d944822a3896981e8507f4cf584b53 ca67c0724906b5cc975583f899ed22468724c800b3b2b9f66d106a7415d66cb7 1481261685 1481261685 2   0 }
2016-12-10/14:57:51 [INFO] loginController.go 38 {1 超级管理员 admin d983a8beb1375adbc75e50b7dd0ed551a0d944822a3896981e8507f4cf584b53 ca67c0724906b5cc975583f899ed22468724c800b3b2b9f66d106a7415d66cb7 1481261685 1481261685 2   0 }
2016-12-10/15:24:25 [INFO] loginController.go 40 {1 超级管理员 admin d983a8beb1375adbc75e50b7dd0ed551a0d944822a3896981e8507f4cf584b53 ca67c0724906b5cc975583f899ed22468724c800b3b2b9f66d106a7415d66cb7 1481261685 1481261685 2   0 }
2016-12-10/16:59:51 [INFO] loginController.go 40 {1 超级管理员 admin d983a8beb1375adbc75e50b7dd0ed551a0d944822a3896981e8507f4cf584b53 ca67c0724906b5cc975583f899ed22468724c800b3b2b9f66d106a7415d66cb7 1481261685 1481261685 2   0 }
2016-12-10/17:24:50 [INFO] loginController.go 40 {1 超级管理员 admin d983a8beb1375adbc75e50b7dd0ed551a0d944822a3896981e8507f4cf584b53 ca67c0724906b5cc975583f899ed22468724c800b3b2b9f66d106a7415d66cb7 1481261685 1481261685 2   0 }
2016-12-10/18:04:48 [INFO] loginController.go 40 {1 超级管理员 admin d983a8beb1375adbc75e50b7dd0ed551a0d944822a3896981e8507f4cf584b53 ca67c0724906b5cc975583f899ed22468724c800b3b2b9f66d106a7415d66cb7 1481261685 1481261685 2   0 }
2016-12-10/23:01:19 [INFO] loginController.go 40 {1 超级管理员 admin d983a8beb1375adbc75e50b7dd0ed551a0d944822a3896981e8507f4cf584b53 ca67c0724906b5cc975583f899ed22468724c800b3b2b9f66d106a7415d66cb7 1481261685 1481261685 2   0 }
